Removed Pin From Net: NetName=Vbat Pin=L2-1
Removed Pin From Net: NetName=NetC6_1 Pin=R2-1
Removed Pin From Net: NetName=Vbat Pin=R3-2
Removed Pin From Net: NetName=Vbat Pin=R4-2
Removed Pin From Net: NetName=NetR5_2 Pin=R6-1
Removed Pin From Net: NetName=Vbat Pin=TP12-1
Removed Pin From Net: NetName=NetC6_1 Pin=U4-3
Added Component: Designator=D7(ONSC-SOD-123-2-425-04_V)
Add component (AddParameter): Name = "Category"; Value = "Rectifier"; VariantName = "[No Variations]"
Add component (AddParameter): Name = "Configuration"; Value = "Single"; VariantName = "[No Variations]"
Add component (AddParameter): Name = "Datasheet URL"; Value = "https://datasheet.ciiva.com/5739/1684450-5739282.pdf"; VariantName = "[No Variations]"
Add component (AddParameter): Name = "Datasheet Version"; Value = "Rev. C0, 03/2012"; VariantName = "[No Variations]"
Add component (AddParameter): Name = "Manufacturer"; Value = "FairchildSemiconductor"; VariantName = "[No Variations]"
Add component (AddParameter): Name = "Manufacturer URL"; Value = "https://www.fairchildsemi.com/"; VariantName = "[No Variations]"
Add component (AddParameter): Name = "Mounting"; Value = "SurfaceMount"; VariantName = "[No Variations]"
Add component (AddParameter): Name = "Operating Temperature"; Value = "-65to125degC"; VariantName = "[No Variations]"
Add component (AddParameter): Name = "Package"; Value = "2SOD-123"; VariantName = "[No Variations]"
Add component (AddParameter): Name = "Package Description"; Value = "2-Pin Small Outline Diode, Body 2.69 x 1.6 mm"; VariantName = "[No Variations]"
Add component (AddParameter): Name = "Package Reference"; Value = "SOD-123-2-425-04"; VariantName = "[No Variations]"
Add component (AddParameter): Name = "Packaging"; Value = "Tape&Reel"; VariantName = "[No Variations]"
Add component (AddParameter): Name = "Peak Average Forward Current"; Value = "0.5A"; VariantName = "[No Variations]"
Add component (AddParameter): Name = "Peak Forward Voltage"; Value = "0.385V"; VariantName = "[No Variations]"
Add component (AddParameter): Name = "Peak Non-Repetitive Surge Current"; Value = "5.5A"; VariantName = "[No Variations]"
Add component (AddParameter): Name = "Peak Reverse Current"; Value = "250uA"; VariantName = "[No Variations]"
Add component (AddParameter): Name = "Peak Reverse Repetitive Voltage"; Value = "20V"; VariantName = "[No Variations]"
Add component (AddParameter): Name = "Rad Hard"; Value = "No"; VariantName = "[No Variations]"
Add component (AddParameter): Name = "Type"; Value = "SchottkyDiode"; VariantName = "[No Variations]"
Added Pin To Net: NetName=NetC6_1 Pin=D7-1
Added Pin To Net: NetName=NetR5_2 Pin=R6-2
Added Pin To Net: NetName=NetD7_2 Pin=D7-2
Added Pin To Net: NetName=NetD7_2 Pin=R2-1
Added Pin To Net: NetName=NetD7_2 Pin=U4-3
Added Net: Name=NetD7_2
Added Pin To Net: NetName=NetR3_2 Pin=R3-2
Added Pin To Net: NetName=NetR3_2 Pin=R4-2
Added Net: Name=NetR3_2
Added Pin To Net: NetName=NetR6_1 Pin=R6-1
Added Pin To Net: NetName=NetR6_1 Pin=T-3
Added Net: Name=NetR6_1
Added Member To Class: ClassName=main_board Member=Component D7 MBR0520L
