PCAD Importer Log
Project : 1661.LibPkg

Section : Z:\Brukere\Molvik\1661.lia
    Section : PCB Library - 1661.PcbLib
        Section : Load Messages
            Warning - 1 : Skipping Token 1661 On Line 136
            Warning - 1 : Skipping Token attachedSymbol On Line 218
        EndSection

        Section : Import Messages
        EndSection
    EndSection

    Section : SCH Library - 1661.SchLib
        Section : Parsing Messages
            Warning - 1 : Skipping Token padStyleDef On Line 9
            Warning - 1 : Skipping Token padStyleDef On Line 21
            Warning - 1 : Skipping Token multiLayer On Line 96
            Warning - 1 : Skipping Token layerContents On Line 102
            Warning - 1 : Skipping Token layerContents On Line 111
            Warning - 1 : Skipping Token layerContents On Line 120
            Warning - 1 : Skipping Token layerContents On Line 126
        EndSection

        Section : Generating SCH Library - 1661.SchLib
        EndSection
    EndSection
EndSection
