PCAD Importer Log
Project : TESEO-LIV3F.LibPkg

Section : C:\Users\oystmol\Documents\TESEO-LIV3F.lia
    Section : PCB Library - TESEO-LIV3F.PcbLib
        Section : Load Messages
            Warning - 1 : Skipping Token TESEO-LIV3F On Line 135
            Warning - 1 : Skipping Token attachedSymbol On Line 322
        EndSection

        Section : Import Messages
        EndSection
    EndSection

    Section : SCH Library - TESEO-LIV3F.SchLib
        Section : Parsing Messages
            Warning - 1 : Skipping Token padStyleDef On Line 9
            Warning - 1 : Skipping Token multiLayer On Line 84
            Warning - 1 : Skipping Token layerContents On Line 104
            Warning - 1 : Skipping Token layerContents On Line 110
            Warning - 1 : Skipping Token layerContents On Line 115
            Warning - 1 : Skipping Token layerContents On Line 124
        EndSection

        Section : Generating SCH Library - TESEO-LIV3F.SchLib
        EndSection
    EndSection
EndSection
